<?xml version="1.0" encoding="UTF-8"?>
<!-- Generated by org.testng.reporters.JUnitReportReporter -->
<testsuite skipped="0" hostname="Vignesh-pc" name="RestAssured.RestAssured01.TC_01_GetRequest" tests="15" failures="0" timestamp="12 Feb 2020 09:04:14 GMT" time="32.466" errors="0">
  <testcase name="getMethod" time="5.286" classname="RestAssured.RestAssured01.TC_01_GetRequest"/>
  <testcase name="getMethod" time="5.285" classname="RestAssured.RestAssured01.TC_01_GetRequest"/>
  <testcase name="getMethod" time="4.992" classname="RestAssured.RestAssured01.TC_01_GetRequest"/>
  <testcase name="getMethod" time="3.286" classname="RestAssured.RestAssured01.TC_01_GetRequest"/>
  <testcase name="getMethod" time="3.504" classname="RestAssured.RestAssured01.TC_01_GetRequest"/>
  <testcase name="getFullData" time="0.991" classname="RestAssured.RestAssured01.TC_01_GetRequest"/>
  <testcase name="getFullData" time="0.807" classname="RestAssured.RestAssured01.TC_01_GetRequest"/>
  <testcase name="getFullData" time="0.796" classname="RestAssured.RestAssured01.TC_01_GetRequest"/>
  <testcase name="getFullData" time="0.812" classname="RestAssured.RestAssured01.TC_01_GetRequest"/>
  <testcase name="getFullData" time="0.812" classname="RestAssured.RestAssured01.TC_01_GetRequest"/>
  <testcase name="getFullData" time="1.401" classname="RestAssured.RestAssured01.TC_01_GetRequest"/>
  <testcase name="getFullData" time="1.127" classname="RestAssured.RestAssured01.TC_01_GetRequest"/>
  <testcase name="getFullData" time="0.809" classname="RestAssured.RestAssured01.TC_01_GetRequest"/>
  <testcase name="getFullData" time="1.392" classname="RestAssured.RestAssured01.TC_01_GetRequest"/>
  <testcase name="getFullData" time="1.166" classname="RestAssured.RestAssured01.TC_01_GetRequest"/>
</testsuite> <!-- RestAssured.RestAssured01.TC_01_GetRequest -->
