<?xml version="1.0" encoding="UTF-8"?>
<!-- Generated by org.testng.reporters.JUnitReportReporter -->
<testsuite skipped="0" hostname="Vignesh-pc" name="RestAssured.RestAssured01.Authentication" tests="1" failures="0" timestamp="09 Feb 2020 16:21:36 GMT" time="2.655" errors="0">
  <testcase name="authenticateUsernameAndPassword" time="2.655" classname="RestAssured.RestAssured01.Authentication"/>
</testsuite> <!-- RestAssured.RestAssured01.Authentication -->
