<?xml version="1.0" encoding="UTF-8"?>
<!-- Generated by org.testng.reporters.JUnitReportReporter -->
<testsuite skipped="0" hostname="Vignesh-pc" name="RestAssured.RestAssured01.Put" tests="1" failures="0" timestamp="05 Feb 2020 13:19:06 GMT" time="2.259" errors="0">
  <testcase name="putUpdate" time="2.259" classname="RestAssured.RestAssured01.Put"/>
</testsuite> <!-- RestAssured.RestAssured01.Put -->
