<?xml version="1.0" encoding="UTF-8"?>
<!-- Generated by org.testng.reporters.JUnitReportReporter -->
<testsuite skipped="0" hostname="Vignesh-pc" name="RestAssured.RestAssured01.TC_02_PutRequest" tests="1" failures="0" timestamp="12 Feb 2020 09:04:14 GMT" time="0.645" errors="0">
  <testcase name="putUpdate" time="0.645" classname="RestAssured.RestAssured01.TC_02_PutRequest"/>
</testsuite> <!-- RestAssured.RestAssured01.TC_02_PutRequest -->
