<?xml version="1.0" encoding="UTF-8"?>
<!-- Generated by org.testng.reporters.JUnitReportReporter -->
<testsuite skipped="0" hostname="Vignesh-pc" name="RestAssured.RestAssured01.TC_06_001Authentication_Using_BaseClass" tests="1" failures="0" timestamp="12 Feb 2020 09:04:14 GMT" time="1.903" errors="0">
  <testcase name="authenticateUsingBaseClass" time="1.903" classname="RestAssured.RestAssured01.TC_06_001Authentication_Using_BaseClass"/>
</testsuite> <!-- RestAssured.RestAssured01.TC_06_001Authentication_Using_BaseClass -->
