<?xml version="1.0" encoding="UTF-8"?>
<!-- Generated by org.testng.reporters.JUnitReportReporter -->
<testsuite skipped="1" hostname="Vignesh-pc" name="RestAssured.RestAssured01.GetResponse" tests="6" failures="0" timestamp="05 Feb 2020 13:09:10 GMT" time="16.144" errors="0">
  <testcase name="getMethod" time="3.061" classname="RestAssured.RestAssured01.GetResponse"/>
  <testcase name="getMethod" time="3.537" classname="RestAssured.RestAssured01.GetResponse"/>
  <testcase name="getMethod" time="3.058" classname="RestAssured.RestAssured01.GetResponse"/>
  <testcase name="getMethod" time="2.835" classname="RestAssured.RestAssured01.GetResponse"/>
  <testcase name="getMethod" time="3.653" classname="RestAssured.RestAssured01.GetResponse"/>
  <testcase name="getFullData" classname="RestAssured.RestAssured01.GetResponse">
    <skipped/>
  </testcase> <!-- getFullData -->
</testsuite> <!-- RestAssured.RestAssured01.GetResponse -->
