<?xml version="1.0" encoding="UTF-8"?>
<!-- Generated by org.testng.reporters.JUnitReportReporter -->
<testsuite skipped="0" hostname="Vignesh-pc" name="RestAssured.RestAssured01.TC_06_Authentication" tests="1" failures="0" timestamp="12 Feb 2020 09:04:14 GMT" time="0.574" errors="0">
  <testcase name="authenticateUsernameAndPassword" time="0.574" classname="RestAssured.RestAssured01.TC_06_Authentication"/>
</testsuite> <!-- RestAssured.RestAssured01.TC_06_Authentication -->
